[
    {
        "articles": [
            {
                "published_on": [
                    2020,
                    3,
                    13,
                    22,
                    0,
                    0,
                    4,
                    73,
                    0
                ],
                "short_summary": "March 14, 2020 6:00 AM A selection of news stories that happened overnight, March 14, 2020.",
                "title": "While You Were Sleeping: 5 stories you might have missed, March 14",
                "url": "http://www.straitstimes.com/world/while-you-were-sleeping-5-stories-you-might-have-missed-march-14-1"
            }
        ],
        "keywords": [
            "march",
            "14",
            "2020",
            "00",
            "reuters",
            "afp",
            "13",
            "pm",
            "washington",
            "12",
            "overnight",
            "foreign",
            "week",
            "source",
            "said"
        ]
    },
    {
        "articles": [
            {
                "published_on": [
                    2020,
                    3,
                    13,
                    16,
                    10,
                    4,
                    4,
                    73,
                    0
                ],
                "short_summary": "A 2020 Tokyo Olympic football North American qualifying tournament that was scheduled to begin next Friday in Mexico has been postponed by organizers due to the coronavirus outbreak.",
                "title": "Olympic qualifying tournament in Mexico postponed by virus",
                "url": "https://www.channelnewsasia.com/news/sport/olympic-qualifying-tournament-in-mexico-postponed-by-virus-12536918"
            }
        ],
        "keywords": [
            "coronavirus",
            "outbreak",
            "postponed",
            "friday",
            "football",
            "spread",
            "events",
            "called",
            "pandemic",
            "international",
            "major",
            "scheduled",
            "world",
            "global",
            "said"
        ]
    },
    {
        "articles": [
            {
                "published_on": [
                    2020,
                    3,
                    14,
                    1,
                    45,
                    14,
                    5,
                    74,
                    0
                ],
                "short_summary": "Key maps and charts explain how the virus has impacted markets and businesses around the world so far.",
                "title": "Coronavirus: Eight charts on how it has shaken economies",
                "url": "https://www.bbc.co.uk/news/business-51706225"
            },
            {
                "published_on": [
                    2020,
                    3,
                    13,
                    16,
                    59,
                    35,
                    4,
                    73,
                    0
                ],
                "short_summary": "Key graphics explaining how the respiratory virus has grown in the UK and the government's response.",
                "title": "Coronavirus: How many cases are there in your area?",
                "url": "https://www.bbc.co.uk/news/uk-51768274"
            },
            {
                "published_on": [
                    2020,
                    3,
                    13,
                    15,
                    39,
                    50,
                    4,
                    73,
                    0
                ],
                "short_summary": "As the virus spreads around the world, what measures are different countries implementing?",
                "title": "Coronavirus: What measures are countries taking to stop it?",
                "url": "https://www.bbc.co.uk/news/world-51737226"
            },
            {
                "published_on": [
                    2020,
                    3,
                    13,
                    15,
                    33,
                    39,
                    4,
                    73,
                    0
                ],
                "short_summary": "The government's top scientists are ploughing a different furrow to that of many other countries.",
                "title": "Coronavirus: Why is the UK not shutting schools like other countries?",
                "url": "https://www.bbc.co.uk/news/science-environment-51874084"
            },
            {
                "published_on": [
                    2020,
                    3,
                    12,
                    22,
                    30,
                    49,
                    3,
                    72,
                    0
                ],
                "short_summary": "The UK government have issued the next stage of response to the virus, with added measures for the public.",
                "title": "What does \u2018delay\u2019 mean for you?",
                "url": "https://www.bbc.co.uk/news/uk-51865454"
            },
            {
                "published_on": [
                    2020,
                    3,
                    12,
                    18,
                    17,
                    4,
                    3,
                    72,
                    0
                ],
                "short_summary": "What will the government do if there is a major UK coronavirus outbreak and how prepared is the NHS?",
                "title": "Coronavirus: What is the 'delay' stage of the UK's plans?",
                "url": "https://www.bbc.co.uk/news/explainers-51632801"
            },
            {
                "published_on": [
                    2020,
                    3,
                    10,
                    1,
                    28,
                    4,
                    1,
                    70,
                    0
                ],
                "short_summary": "Despite the rising number of cases, the UK government is mostly advising people to travel as normal.",
                "title": "Coronavirus: What's the risk of flying or taking the train?",
                "url": "https://www.bbc.co.uk/news/health-51736185"
            }
        ],
        "keywords": [
            "virus",
            "government",
            "uk",
            "world",
            "response",
            "measures",
            "key",
            "countries",
            "different",
            "says",
            "known",
            "italy",
            "stage",
            "people",
            "markets"
        ]
    },
    {
        "articles": [
            {
                "published_on": [
                    2020,
                    3,
                    14,
                    8,
                    13,
                    36,
                    5,
                    74,
                    0
                ],
                "short_summary": "The US president has also declared a national emergency, freeing up to $50bn in relief funds.",
                "title": "Coronavirus: US travel ban on 26 European countries comes into force",
                "url": "https://www.bbc.co.uk/news/world-us-canada-51883728"
            },
            {
                "published_on": [
                    2020,
                    3,
                    14,
                    5,
                    2,
                    45,
                    5,
                    74,
                    0
                ],
                "short_summary": "March 14, 2020 1:02 PM WASHINGTON (REUTERS) - US President Donald Trump encountered a second individual last weekend who later tested positive for coronavirus, but the president did not require testing for the virus or quarantining, the White House physician said on Friday (March 13).",
                "title": "Trump encountered second person who later tested positive for coronavirus: White House physician",
                "url": "http://www.straitstimes.com/world/united-states/trump-encountered-second-person-who-later-tested-positive-for-coronavirus-white"
            },
            {
                "published_on": [
                    2020,
                    3,
                    14,
                    3,
                    1,
                    56,
                    5,
                    74,
                    0
                ],
                "short_summary": "March 14, 2020 11:01 AM RIO DE JANEIRO (REUTERS) - Brazilian President Jair Bolsonaro, who met with Donald Trump in the United States less than a week ago, will be retested for coronavirus following a negative test on Friday (March 13), Brazil's Estado de S.Paulo newspaper reported.",
                "title": "Brazil's Bolsonaro to be tested again for coronavirus",
                "url": "http://www.straitstimes.com/world/americas/brazils-bolsonaro-to-be-tested-again-for-coronavirus"
            },
            {
                "published_on": [
                    2020,
                    3,
                    14,
                    0,
                    33,
                    54,
                    5,
                    74,
                    0
                ],
                "short_summary": "March 14, 2020 8:33 AM SAN FRANCISCO (AFP) - US President Donald Trump announced Friday (March 13) that internet giant Alphabet is creating a website where people will be able to check whether they have symptoms of the novel coronavirus.",
                "title": "Google building self-check website for coronavirus",
                "url": "http://www.straitstimes.com/world/united-states/google-building-self-check-website-for-coronavirus"
            },
            {
                "published_on": [
                    2020,
                    3,
                    13,
                    23,
                    30,
                    37,
                    4,
                    73,
                    0
                ],
                "short_summary": "WASHINGTON: Corporate America joined the fight against the spread of coronavirus on Friday (Mar 13) , as President Donald Trump and executives announced that Google would offer a website to help people determine whether they needed tests and retailers set up drive-through tests in parking lots ...",
                "title": "Google, Walmart join government effort to speed up coronavirus testing, Trump says",
                "url": "https://www.channelnewsasia.com/news/world/google-walmart-covid-19-coronavirus-united-states-trump-12537708"
            },
            {
                "published_on": [
                    2020,
                    3,
                    13,
                    22,
                    8,
                    6,
                    4,
                    73,
                    0
                ],
                "short_summary": "BRASILIA:\u00a0Brazilian leader Jair Bolsonaro said Friday (Mar 13) he had tested negative for the new coronavirus, after a scare over a trip on which at least one infected member of his staff rubbed shoulders with US President Donald Trump.\nThe far-right Brazilian president posted his test result to ...",
                "title": "Brazilian President Jair Bolsonaro says he tested negative for COVID-19",
                "url": "https://www.channelnewsasia.com/news/world/coronavirus-brazil-president-jair-bolsonaro-tests-positive-12536662"
            },
            {
                "published_on": [
                    2020,
                    3,
                    13,
                    21,
                    58,
                    46,
                    4,
                    73,
                    0
                ],
                "short_summary": "US President Donald\u00a0Trump\u00a0announced a national state of emergency on Friday (Mar 13), freeing up US$50 billion in federal funds for the battle against the fast-spreading coronavirus pandemic.",
                "title": "Trump declares coronavirus national emergency",
                "url": "https://www.channelnewsasia.com/news/world/trump-declares-covid-19-coronavirus-national-emergency-12537432"
            },
            {
                "published_on": [
                    2020,
                    3,
                    13,
                    21,
                    28,
                    25,
                    4,
                    73,
                    0
                ],
                "short_summary": "A group representing major US airports on Friday revised upward its forecast for estimated losses this year to US$5.7 billion after President Donald Trump instituted new European travel curbs and as flight reductions rose.",
                "title": "US airports up forecast losses this year to US$5.7 billion on sagging travel demand",
                "url": "https://www.channelnewsasia.com/news/business/us-airports-up-forecast-losses-this-year-to-us-5-7-billion-on-12537598"
            },
            {
                "published_on": [
                    2020,
                    3,
                    13,
                    21,
                    0,
                    0,
                    4,
                    73,
                    0
                ],
                "short_summary": "March 14, 2020 5:00 AM NEW YORK \u2022 US President Donald Trump faces the biggest challenge yet to his re-election prospects, with his advisers' two major assumptions for the campaign - a booming economy and an opponent easily vilified as too far left - quickly evaporating.",
                "title": "Trump re-election campaign wobbles amid virus outbreak",
                "url": "http://www.straitstimes.com/world/united-states/trump-re-election-campaign-wobbles-amid-virus-outbreak"
            },
            {
                "published_on": [
                    2020,
                    3,
                    13,
                    20,
                    50,
                    19,
                    4,
                    73,
                    0
                ],
                "short_summary": "Shares of Google parent Alphabet Inc closed up more than 9per cent after U.S. President Donald Trump said on Friday the search giant would create a website to help determine whether individuals need a coronavirus test or not.",
                "title": "Alphabet shares surge 9per cent after Trump praises Google for coronavirus website",
                "url": "https://www.channelnewsasia.com/news/business/alphabet-shares-surge-9-after-trump-praises-google-for-12537544"
            },
            {
                "published_on": [
                    2020,
                    3,
                    13,
                    16,
                    30,
                    4,
                    4,
                    73,
                    0
                ],
                "short_summary": "The coronavirus is not as bad as the seasonal flu. President Donald Trump is not worried about having had a direct exposure to the virus. The United States is in far better shape than other countries.",
                "title": "Like the flu? Trump's coronavirus messaging confuses public, pandemic researchers say",
                "url": "https://www.channelnewsasia.com/news/world/like-the-flu--trump-s-coronavirus-messaging-confuses-public--pandemic-researchers-say-12536942"
            }
        ],
        "keywords": [
            "president",
            "trump",
            "donald",
            "friday",
            "far",
            "coronavirus",
            "13",
            "test",
            "brazilian",
            "states",
            "website",
            "united",
            "emergency",
            "billion",
            "announced"
        ]
    },
    {
        "articles": [
            {
                "published_on": [
                    2020,
                    3,
                    14,
                    7,
                    58,
                    7,
                    5,
                    74,
                    0
                ],
                "short_summary": "For reasons unknown, children rarely have severe symptoms when infected by COVID-19 and may even be a bit less likely to get the disease in the first place, experts told AFP.",
                "title": "Children less sick from COVID-19, but may still spread the coronavirus: Experts",
                "url": "https://www.channelnewsasia.com/news/world/children-less-sick-covid-19-but-still-spread-the-coronavirus-12537834"
            },
            {
                "published_on": [
                    2020,
                    3,
                    14,
                    4,
                    23,
                    36,
                    5,
                    74,
                    0
                ],
                "short_summary": "March 14, 2020 12:23 PM PARIS (AFP) - For reasons unknown, children rarely have severe symptoms when infected by Covid-19 and may even be a bit less likely to get the disease in the first place, experts told AFP.",
                "title": "Children less sick from Covid-19, but still spread the virus, say experts",
                "url": "http://www.straitstimes.com/world/europe/children-less-sick-from-covid-19-but-still-spread-the-virus-say-experts"
            },
            {
                "published_on": [
                    2020,
                    3,
                    14,
                    3,
                    59,
                    53,
                    5,
                    74,
                    0
                ],
                "short_summary": "March 14, 2020 11:59 AM PARIS (AFP) - Can a single Covid-19 patient infect dozens of others? Although transmission rates in the current outbreak appear to be far lower, a variety of factors can lead to an individual infecting many.",
                "title": "'Super-spreaders': Covid-19 myth or reality?",
                "url": "http://www.straitstimes.com/world/europe/super-spreaders-covid-19-myth-or-reality"
            },
            {
                "published_on": [
                    2020,
                    3,
                    14,
                    3,
                    0,
                    37,
                    5,
                    74,
                    0
                ],
                "short_summary": "PARIS:\u00a0Can a single COVID-19 patient infect dozens of others? A\u00a0variety of factors can lead to an individual infecting many.\nThe concept of so-called \"super-spreaders\" - patients who typically infect far more people than the standard transmission rates -\u00a0emerged in previous outbreaks of diseases ...",
                "title": "'Super-spreaders': COVID-19 myth or reality?",
                "url": "https://www.channelnewsasia.com/news/world/super-spreaders-covid-19-coronavirus-myth-or-reality-12538030"
            },
            {
                "published_on": [
                    2020,
                    3,
                    14,
                    2,
                    17,
                    46,
                    5,
                    74,
                    0
                ],
                "short_summary": "Since the Covid-19 outbreak, people have been encouraged to wash their hands for good hygiene. But what kind of cleaning agent works best? Talking Point investigates.",
                "title": "Is antibacterial soap better at killing germs, hands down?",
                "url": "https://www.channelnewsasia.com/news/cnainsider/is-antibacterial-soap-better-killing-germs-hands-down-covid-19-12536098"
            },
            {
                "published_on": [
                    2020,
                    3,
                    13,
                    22,
                    20,
                    40,
                    4,
                    73,
                    0
                ],
                "short_summary": "COVID-19 presents a defining challenge for any government, says the Financial Times\u2019 Anjana Ahuja.",
                "title": "Commentary: COVID-19 could force difficult choices on health systems",
                "url": "https://www.channelnewsasia.com/news/commentary/covid-19-coronavirus-health-worker-government-hospital-test-kit-12534960"
            },
            {
                "published_on": [
                    2020,
                    3,
                    13,
                    22,
                    20,
                    39,
                    4,
                    73,
                    0
                ],
                "short_summary": "Despite being an air travel hub, the Emirates has controlled its number of COVID-19 cases through aggressive measures, says Mohammed Abdul Shihab.",
                "title": "Commentary: UAE fights COVID-19 while the rest of the Middle East drags its feet",
                "url": "https://www.channelnewsasia.com/news/commentary/covid-19-coronavirus-middle-east-uae-iran-cases-travel-school-12531104"
            },
            {
                "published_on": [
                    2020,
                    3,
                    13,
                    16,
                    19,
                    36,
                    4,
                    73,
                    0
                ],
                "short_summary": "March 14, 2020 12:19 AM Her family had to stay in quarantine at home because of fears they might also have the disease.",
                "title": "Coronavirus: 'Italy has abandoned us', says man trapped at home with sister's dead body",
                "url": "http://www.straitstimes.com/world/europe/coronavirus-italy-has-abandoned-us-says-man-trapped-at-home-with-sisters-dead-body"
            }
        ],
        "keywords": [
            "19",
            "covid",
            "says",
            "disease",
            "home",
            "afp",
            "children",
            "infect",
            "family",
            "place",
            "bit",
            "unknown",
            "rarely",
            "reasons",
            "experts"
        ]
    },
    {
        "articles": [
            {
                "published_on": [
                    2020,
                    3,
                    14,
                    8,
                    10,
                    17,
                    5,
                    74,
                    0
                ],
                "short_summary": "Apple Inc said late on Friday it will close all its retail stores, except those in Greater China, for the next two weeks to minimize the risk of coronavirus transmission.",
                "title": "Apple to close retail stores worldwide, except Greater China, until March 27",
                "url": "https://www.channelnewsasia.com/news/business/apple-to-close-retail-stores-worldwide--except-greater-china--until-march-27-12538440"
            },
            {
                "published_on": [
                    2020,
                    3,
                    14,
                    8,
                    0,
                    1,
                    5,
                    74,
                    0
                ],
                "short_summary": "Apple Inc said late on Friday it will close all its retail stores outside Greater China until March 27, to minimize risk of coronavirus transmission.",
                "title": "Apple to close retail stores outside Greater China until March 27",
                "url": "https://www.channelnewsasia.com/news/business/apple-stores-closed-prevent-coronavirus-covid-19-spread-12538362"
            },
            {
                "published_on": [
                    2020,
                    3,
                    14,
                    7,
                    53,
                    47,
                    5,
                    74,
                    0
                ],
                "short_summary": "March 14, 2020 3:53 PM LOS ANGELES (BLOOMBERG) - Apple said on Saturday (March 14) it is closing its hundreds of retail stores outside of Greater China until March 27 and is moving to remote work in order to help reduce the spread of coronavirus.",
                "title": "Coronavirus: Apple closes all stores outside Greater China for two weeks",
                "url": "http://www.straitstimes.com/world/united-states/apple-closes-all-stores-outside-greater-china-for-two-weeks"
            },
            {
                "published_on": [
                    2020,
                    3,
                    14,
                    7,
                    43,
                    28,
                    5,
                    74,
                    0
                ],
                "short_summary": "SINGAPORE: Apple will be closing all retail stores outside of Greater China until Mar 27 to help prevent the spread of COVID-19, chief executive Tim Cook announced on Saturday (Mar 14).\u00a0\nAll Apple stores in Greater China reopened on Saturday after they were shuttered to curb coronavirus infections ...",
                "title": "Apple to close all stores outside of China to help curb coronavirus spread",
                "url": "https://www.channelnewsasia.com/news/business/apple-stores-closed-prevent-coronavirus-covid-19-spread-12538362"
            }
        ],
        "keywords": [
            "stores",
            "apple",
            "greater",
            "china",
            "retail",
            "outside",
            "minimize",
            "risk",
            "late",
            "27",
            "close",
            "transmission",
            "saturday",
            "spread",
            "coronavirus"
        ]
    },
    {
        "articles": [
            {
                "published_on": [
                    2020,
                    3,
                    14,
                    8,
                    9,
                    5,
                    5,
                    74,
                    0
                ],
                "short_summary": "BANGKOK: Thailand reported seven new coronavirus cases on Saturday (Mar 14), bringing the total number of cases in the Southeast Asian country to 82, health officials said.\nAmong the new COVID-19 cases is a 63-year-old woman who had close contact with a patient infected with the virus, according ...",
                "title": "Thailand reports seven new coronavirus cases, bringing total to 82",
                "url": "https://www.channelnewsasia.com/news/asia/covid19-thailand-seven-new-coronavirus-cases-12538144"
            },
            {
                "published_on": [
                    2020,
                    3,
                    14,
                    3,
                    28,
                    26,
                    5,
                    74,
                    0
                ],
                "short_summary": "Mainland China had 11 new confirmed cases of coronavirus infections on March 13, the country's National Health Commission said on Saturday, up from eight cases a day earlier.",
                "title": "New COVID-19 infections in China's Hubei province continue to fall",
                "url": "https://www.channelnewsasia.com/news/asia/new-covid-19-infections-in-china-s-hubei-province-continue-to-12538034"
            },
            {
                "published_on": [
                    2020,
                    3,
                    13,
                    23,
                    40,
                    39,
                    4,
                    73,
                    0
                ],
                "short_summary": "Luxembourg saw its first death linked to the coronavirus epidemic on Friday (Mar 13), the country's health minister said.",
                "title": "Luxembourg announces first coronavirus death",
                "url": "https://www.channelnewsasia.com/news/world/luxembourg-announces-first-covid-19-coronavirus-death-12537754"
            },
            {
                "published_on": [
                    2020,
                    3,
                    13,
                    23,
                    20,
                    37,
                    4,
                    73,
                    0
                ],
                "short_summary": "Mauritania has confirmed its first case of novel coronavirus, the country's health minister said on Friday (Mar 13), adding to the growing number of cases in West Africa.",
                "title": "Mauritania confirms first coronavirus case",
                "url": "https://www.channelnewsasia.com/news/world/mauritania-confirms-first-covid-19-coronavirus-case-12537688"
            },
            {
                "published_on": [
                    2020,
                    3,
                    13,
                    21,
                    22,
                    48,
                    4,
                    73,
                    0
                ],
                "short_summary": "India reported its second death from coronavirus, the Ministry of Health and Family Welfare said on Friday (Mar 13).",
                "title": "India reports second death from coronavirus",
                "url": "https://www.channelnewsasia.com/news/asia/india-reports-second-death-from-coronavirus-12537242"
            }
        ],
        "keywords": [
            "health",
            "cases",
            "said",
            "mar",
            "country",
            "friday",
            "minister",
            "new",
            "13",
            "death",
            "singapore",
            "saturday",
            "coronavirus",
            "confirmed",
            "reported"
        ]
    }
]